Determining if the pthread_create exist failed with the following output:
Change Dir: /home/bhuvan/object_tracking/build/CMakeFiles/CMakeTmp

Run Build Command:"/usr/bin/make" "cmTC_a047f/fast"
/usr/bin/make -f CMakeFiles/cmTC_a047f.dir/build.make CMakeFiles/cmTC_a047f.dir/build
make[1]: Entering directory '/home/bhuvan/object_tracking/build/CMakeFiles/CMakeTmp'
Building C object CMakeFiles/cmTC_a047f.dir/CheckSymbolExists.c.o
/usr/bin/cc    -o CMakeFiles/cmTC_a047f.dir/CheckSymbolExists.c.o   -c /home/bhuvan/object_tracking/build/CMakeFiles/CMakeTmp/CheckSymbolExists.c
Linking C executable cmTC_a047f
/usr/bin/cmake -E cmake_link_script CMakeFiles/cmTC_a047f.dir/link.txt --verbose=1
/usr/bin/cc      -rdynamic CMakeFiles/cmTC_a047f.dir/CheckSymbolExists.c.o  -o cmTC_a047f 
CMakeFiles/cmTC_a047f.dir/CheckSymbolExists.c.o: In function `main':
CheckSymbolExists.c:(.text+0x1b): undefined reference to `pthread_create'
collect2: error: ld returned 1 exit status
CMakeFiles/cmTC_a047f.dir/build.make:97: recipe for target 'cmTC_a047f' failed
make[1]: *** [cmTC_a047f] Error 1
make[1]: Leaving directory '/home/bhuvan/object_tracking/build/CMakeFiles/CMakeTmp'
Makefile:126: recipe for target 'cmTC_a047f/fast' failed
make: *** [cmTC_a047f/fast] Error 2

File /home/bhuvan/object_tracking/build/CMakeFiles/CMakeTmp/CheckSymbolExists.c:
/* */
#include <pthread.h>

int main(int argc, char** argv)
{
  (void)argv;
#ifndef pthread_create
  return ((int*)(&pthread_create))[argc];
#else
  (void)argc;
  return 0;
#endif
}

Determining if the function pthread_create exists in the pthreads failed with the following output:
Change Dir: /home/bhuvan/object_tracking/build/CMakeFiles/CMakeTmp

Run Build Command:"/usr/bin/make" "cmTC_45283/fast"
/usr/bin/make -f CMakeFiles/cmTC_45283.dir/build.make CMakeFiles/cmTC_45283.dir/build
make[1]: Entering directory '/home/bhuvan/object_tracking/build/CMakeFiles/CMakeTmp'
Building C object CMakeFiles/cmTC_45283.dir/CheckFunctionExists.c.o
/usr/bin/cc   -DCHECK_FUNCTION_EXISTS=pthread_create   -o CMakeFiles/cmTC_45283.dir/CheckFunctionExists.c.o   -c /usr/share/cmake-3.10/Modules/CheckFunctionExists.c
Linking C executable cmTC_45283
/usr/bin/cmake -E cmake_link_script CMakeFiles/cmTC_45283.dir/link.txt --verbose=1
/usr/bin/cc  -DCHECK_FUNCTION_EXISTS=pthread_create    -rdynamic CMakeFiles/cmTC_45283.dir/CheckFunctionExists.c.o  -o cmTC_45283 -lpthreads 
/usr/bin/ld: cannot find -lpthreads
collect2: error: ld returned 1 exit status
CMakeFiles/cmTC_45283.dir/build.make:97: recipe for target 'cmTC_45283' failed
make[1]: *** [cmTC_45283] Error 1
make[1]: Leaving directory '/home/bhuvan/object_tracking/build/CMakeFiles/CMakeTmp'
Makefile:126: recipe for target 'cmTC_45283/fast' failed
make: *** [cmTC_45283/fast] Error 2


